1631294652363	geckodriver	INFO	Listening on 127.0.0.1:50893
1631294653235	mozrunner::runner	INFO	Running command: "/usr/bin/firefox" "--marionette" "--headless" "-foreground" "-no-remote" "-profile" "/tmp/rust_mozprofileWwLN2a"
1631294653235	geckodriver::marionette	DEBUG	Waiting 60s to connect to browser on 127.0.0.1:45611
*** You are running in headless mode.
[GFX1-]: glxtest: Unable to open a connection to the X server
[GFX1-]: glxtest: libEGL missing
1631294656340	Marionette	INFO	Marionette enabled
1631294656503	RemoteAgent	DEBUG	CDP enabled
1631294656911	Marionette	TRACE	Received observer notification toplevel-window-ready
[GFX1-]: RenderCompositorSWGL failed mapping default framebuffer, no dt
console.warn: SearchSettings: "get: No settings file exists, new profile?" (new NotFoundError("Could not open the file at /tmp/rust_mozprofileWwLN2a/search.json.mozlz4", (void 0)))
1631294659678	Marionette	TRACE	Received observer notification marionette-startup-requested
1631294659678	Marionette	TRACE	Waiting until startup recorder finished recording startup scripts...
1631294659698	Marionette	TRACE	All scripts recorded.
1631294659699	RemoteAgent	DEBUG	Setting recommended pref apz.content_response_timeout to 60000
1631294659699	RemoteAgent	DEBUG	Setting recommended pref browser.contentblocking.introCount to 99
1631294659700	RemoteAgent	DEBUG	Setting recommended pref browser.download.panel.shown to true
1631294659700	RemoteAgent	DEBUG	Setting recommended pref browser.newtabpage.enabled to false
1631294659702	RemoteAgent	DEBUG	Setting recommended pref browser.pagethumbnails.capturing_disabled to true
1631294659702	RemoteAgent	DEBUG	Setting recommended pref browser.search.update to false
1631294659702	RemoteAgent	DEBUG	Setting recommended pref browser.tabs.disableBackgroundZombification to false
1631294659702	RemoteAgent	DEBUG	Setting recommended pref browser.tabs.remote.separatePrivilegedContentProcess to false
1631294659703	RemoteAgent	DEBUG	Setting recommended pref browser.tabs.unloadOnLowMemory to false
1631294659703	RemoteAgent	DEBUG	Setting recommended pref browser.tabs.warnOnCloseOtherTabs to false
1631294659703	RemoteAgent	DEBUG	Setting recommended pref browser.tabs.warnOnOpen to false
1631294659703	RemoteAgent	DEBUG	Setting recommended pref browser.toolbars.bookmarks.visibility to never
1631294659704	RemoteAgent	DEBUG	Setting recommended pref browser.usedOnWindows10.introURL to 
1631294659704	RemoteAgent	DEBUG	Setting recommended pref browser.urlbar.suggest.searches to false
1631294659705	RemoteAgent	DEBUG	Setting recommended pref datareporting.policy.dataSubmissionPolicyAccepted to false
1631294659706	RemoteAgent	DEBUG	Setting recommended pref dom.disable_open_during_load to false
1631294659706	RemoteAgent	DEBUG	Setting recommended pref dom.file.createInChild to true
1631294659706	RemoteAgent	DEBUG	Setting recommended pref dom.max_chrome_script_run_time to 0
1631294659706	RemoteAgent	DEBUG	Setting recommended pref dom.max_script_run_time to 0
1631294659707	RemoteAgent	DEBUG	Setting recommended pref dom.push.connection.enabled to false
1631294659707	RemoteAgent	DEBUG	Setting recommended pref extensions.getAddons.cache.enabled to false
1631294659707	RemoteAgent	DEBUG	Setting recommended pref extensions.getAddons.discovery.api_url to data:, 
1631294659708	RemoteAgent	DEBUG	Setting recommended pref network.http.prompt-temp-redirect to false
1631294659708	RemoteAgent	DEBUG	Setting recommended pref privacy.trackingprotection.enabled to false
1631294659708	RemoteAgent	DEBUG	Setting recommended pref security.fileuri.strict_origin_policy to false
1631294659709	RemoteAgent	DEBUG	Setting recommended pref security.notification_enable_delay to 0
1631294659709	RemoteAgent	DEBUG	Setting recommended pref signon.autofillForms to false
1631294659710	RemoteAgent	DEBUG	Setting recommended pref signon.rememberSignons to false
1631294659712	RemoteAgent	DEBUG	Setting recommended pref dom.disable_beforeunload to true
1631294659713	Marionette	INFO	Listening on port 45611
1631294659714	Marionette	DEBUG	Marionette is listening
1631294659789	Marionette	DEBUG	Accepted connection 0 from 127.0.0.1:49202
1631294659791	geckodriver::marionette	DEBUG	Connection to Marionette established on 127.0.0.1:45611.
1631294659804	Marionette	DEBUG	0 -> [0,1,"WebDriver:NewSession",{"acceptInsecureCerts":true,"browserName":"firefox"}]
1631294659808	RemoteAgent	WARN	TLS certificate errors will be ignored for this session
1631294659823	Marionette	DEBUG	0 <- [1,1,null,{"sessionId":"ccfba0b3-524d-406d-9a27-2d55259af7f3","capabilities":{"browserName":"firefox","browserVersion":"91.0. ... ofileWwLN2a","moz:shutdownTimeout":60000,"moz:useNonSpecCompliantPointerOrigin":false,"moz:webdriverClick":true,"proxy":{}}}]
1631294659826	webdriver::server	DEBUG	<- 200 OK {"value":{"sessionId":"ccfba0b3-524d-406d-9a27-2d55259af7f3","capabilities":{"acceptInsecureCerts":true,"browserName":"firefox","browserVersion":"91.0.2","moz:accessibilityChecks":false,"moz:buildID":"20210823123856","moz:geckodriverVersion":"0.29.1","moz:headless":true,"moz:processID":1815,"moz:profile":"/tmp/rust_mozprofileWwLN2a","moz:shutdownTimeout":60000,"moz:useNonSpecCompliantPointerOrigin":false,"moz:webdriverClick":true,"pageLoadStrategy":"normal","platformName":"linux","platformVersion":"5.8.0-1040-azure","proxy":{},"setWindowRect":true,"strictFileInteractability":false,"timeouts":{"implicit":0,"pageLoad":300000,"script":30000},"unhandledPromptBehavior":"dismiss and notify"}}}
1631294659829	webdriver::server	DEBUG	-> POST /session/ccfba0b3-524d-406d-9a27-2d55259af7f3/timeouts {"pageLoad": 60000}
1631294659830	Marionette	DEBUG	0 -> [0,2,"WebDriver:SetTimeouts",{"pageLoad":60000}]
1631294659830	Marionette	DEBUG	0 <- [1,2,null,{"value":null}]
1631294659830	webdriver::server	DEBUG	<- 200 OK {"value":null}
1631294659831	webdriver::server	DEBUG	-> POST /session/ccfba0b3-524d-406d-9a27-2d55259af7f3/url {"url": "https://testhector.users.earthengine.app/view/enginepoligonos?rango1=0&rango2=500"}
1631294659832	Marionette	DEBUG	0 -> [0,3,"WebDriver:Navigate",{"url":"https://testhector.users.earthengine.app/view/enginepoligonos?rango1=0&rango2=500"}]
1631294659844	Marionette	TRACE	[21] MarionetteEvents actor created for window id 4294967297
1631294659845	Marionette	TRACE	[21] Received event beforeunload for about:blank
1631294660189	Marionette	TRACE	[21] Received event pagehide for about:blank
1631294661180	Marionette	TRACE	[21] MarionetteEvents actor created for window id 4294967298
1631294661180	Marionette	TRACE	[21] Received event DOMContentLoaded for https://testhector.users.earthengine.app/view/enginepoligonos?rango1=0&rango2=500
1631294661315	Marionette	TRACE	[4294967297] MarionetteEvents actor created for window id 4294967300
1631294661459	Marionette	TRACE	[21] Received event pageshow for https://testhector.users.earthengine.app/view/enginepoligonos?rango1=0&rango2=500
1631294661459	Marionette	DEBUG	0 <- [1,3,null,{"value":null}]
1631294661460	webdriver::server	DEBUG	<- 200 OK {"value":null}
1631294661461	webdriver::server	DEBUG	-> POST /session/ccfba0b3-524d-406d-9a27-2d55259af7f3/timeouts {"pageLoad": 30000}
1631294661468	Marionette	DEBUG	0 -> [0,4,"WebDriver:SetTimeouts",{"pageLoad":30000}]
1631294661469	Marionette	DEBUG	0 <- [1,4,null,{"value":null}]
1631294661483	webdriver::server	DEBUG	<- 200 OK {"value":null}
1631294661485	webdriver::server	DEBUG	-> POST /session/ccfba0b3-524d-406d-9a27-2d55259af7f3/element {"using": "xpath", "value": "/html/body/main/div/div[1]/div/div/div/div/div/div/div[5]/div/div/div/a"}
1631294661490	Marionette	DEBUG	0 -> [0,5,"WebDriver:FindElement",{"using":"xpath","value":"/html/body/main/div/div[1]/div/div/div/div/div/div/div[5]/div/div/div/a"}]
1631294661498	Marionette	TRACE	[21] MarionetteCommands actor created for window id 4294967298
1631294661508	Marionette	DEBUG	0 <- [1,5,{"error":"no such element","message":"Unable to locate element: /html/body/main/div/div[1]/div/div/div/div/div/div/div[5 ... te/content/shared/webdriver/Errors.jsm:393:5\nelement.find/</<@chrome://remote/content/marionette/element.js:305:16\n"},null]
1631294661509	webdriver::server	DEBUG	<- 404 Not Found {"value":{"error":"no such element","message":"Unable to locate element: /html/body/main/div/div[1]/div/div/div/div/div/div/div[5]/div/div/div/a","stacktrace":"WebDriverError@chrome://remote/content/shared/webdriver/Errors.jsm:181:5\nNoSuchElementError@chrome://remote/content/shared/webdriver/Errors.jsm:393:5\nelement.find/</<@chrome://remote/content/marionette/element.js:305:16\n"}}
1631294661551	Marionette	TRACE	[4294967298] MarionetteEvents actor created for window id 4294967302
1631294671520	webdriver::server	DEBUG	-> POST /session/ccfba0b3-524d-406d-9a27-2d55259af7f3/element {"using": "xpath", "value": "/html/body/main/div/div[1]/div/div/div/div/div/div/div[5]/div/div/div/a"}
1631294671521	Marionette	DEBUG	0 -> [0,6,"WebDriver:FindElement",{"using":"xpath","value":"/html/body/main/div/div[1]/div/div/div/div/div/div/div[5]/div/div/div/a"}]
1631294671524	Marionette	DEBUG	0 <- [1,6,{"error":"no such element","message":"Unable to locate element: /html/body/main/div/div[1]/div/div/div/div/div/div/div[5 ... .next@https://www.earthengine.app/javascript/main.js:20:57\nb@https://www.earthengine.app/javascript/main.js:20:312\n"},null]
1631294671524	webdriver::server	DEBUG	<- 404 Not Found {"value":{"error":"no such element","message":"Unable to locate element: /html/body/main/div/div[1]/div/div/div/div/div/div/div[5]/div/div/div/a","stacktrace":"WebDriverError@chrome://remote/content/shared/webdriver/Errors.jsm:181:5\nNoSuchElementError@chrome://remote/content/shared/webdriver/Errors.jsm:393:5\nelement.find/</<@chrome://remote/content/marionette/element.js:305:16\nps@https://www.earthengine.app/javascript/main.js:840:317\nls.prototype.send@https://www.earthengine.app/javascript/main.js:832:147\nGm@https://www.earthengine.app/javascript/main.js:499:1312\nxp.prototype.create@https://www.earthengine.app/javascript/main.js:769:123\nlu@https://www.earthengine.app/javascript/main.js:911:445\nBw.prototype.mB@https://www.earthengine.app/javascript/main.js:995:294\nanonymous/<@https://www.earthengine.app/javascript/main.js line 4339 > Function:82:34\nanonymous@https://www.earthengine.app/javascript/main.js line 4339 > Function:88:7\nXMa/g<@https://www.earthengine.app/javascript/main.js:4340:64\nZ$.prototype.require@https://www.earthengine.app/javascript/main.js:4334:281\nZ$.prototype.run@https://www.earthengine.app/javascript/main.js:4334:422\n$$.prototype.run/<@https://www.earthengine.app/javascript/main.js:4338:12\nFa@https://www.earthengine.app/javascript/main.js:19:315\nDa.prototype.ar@https://www.earthengine.app/javascript/main.js:17:489\nGa/this.next@https://www.earthengine.app/javascript/main.js:20:57\nb@https://www.earthengine.app/javascript/main.js:20:312\n"}}
1631294681536	webdriver::server	DEBUG	-> POST /session/ccfba0b3-524d-406d-9a27-2d55259af7f3/element {"using": "xpath", "value": "/html/body/main/div/div[1]/div/div/div/div/div/div/div[5]/div/div/div/a"}
1631294681537	Marionette	DEBUG	0 -> [0,7,"WebDriver:FindElement",{"using":"xpath","value":"/html/body/main/div/div[1]/div/div/div/div/div/div/div[5]/div/div/div/a"}]
1631294681541	Marionette	DEBUG	0 <- [1,7,{"error":"no such element","message":"Unable to locate element: /html/body/main/div/div[1]/div/div/div/div/div/div/div[5 ... .next@https://www.earthengine.app/javascript/main.js:20:57\nb@https://www.earthengine.app/javascript/main.js:20:312\n"},null]
1631294681542	webdriver::server	DEBUG	<- 404 Not Found {"value":{"error":"no such element","message":"Unable to locate element: /html/body/main/div/div[1]/div/div/div/div/div/div/div[5]/div/div/div/a","stacktrace":"WebDriverError@chrome://remote/content/shared/webdriver/Errors.jsm:181:5\nNoSuchElementError@chrome://remote/content/shared/webdriver/Errors.jsm:393:5\nelement.find/</<@chrome://remote/content/marionette/element.js:305:16\nps@https://www.earthengine.app/javascript/main.js:840:317\nls.prototype.send@https://www.earthengine.app/javascript/main.js:832:147\nGm@https://www.earthengine.app/javascript/main.js:499:1312\nxp.prototype.create@https://www.earthengine.app/javascript/main.js:769:123\nlu@https://www.earthengine.app/javascript/main.js:911:445\nBw.prototype.mB@https://www.earthengine.app/javascript/main.js:995:294\nanonymous/<@https://www.earthengine.app/javascript/main.js line 4339 > Function:82:34\nanonymous@https://www.earthengine.app/javascript/main.js line 4339 > Function:88:7\nXMa/g<@https://www.earthengine.app/javascript/main.js:4340:64\nZ$.prototype.require@https://www.earthengine.app/javascript/main.js:4334:281\nZ$.prototype.run@https://www.earthengine.app/javascript/main.js:4334:422\n$$.prototype.run/<@https://www.earthengine.app/javascript/main.js:4338:12\nFa@https://www.earthengine.app/javascript/main.js:19:315\nDa.prototype.ar@https://www.earthengine.app/javascript/main.js:17:489\nGa/this.next@https://www.earthengine.app/javascript/main.js:20:57\nb@https://www.earthengine.app/javascript/main.js:20:312\n"}}
1631294691551	webdriver::server	DEBUG	-> POST /session/ccfba0b3-524d-406d-9a27-2d55259af7f3/element {"using": "xpath", "value": "/html/body/main/div/div[1]/div/div/div/div/div/div/div[5]/div/div/div/a"}
1631294691553	Marionette	DEBUG	0 -> [0,8,"WebDriver:FindElement",{"using":"xpath","value":"/html/body/main/div/div[1]/div/div/div/div/div/div/div[5]/div/div/div/a"}]
1631294691555	Marionette	DEBUG	0 <- [1,8,{"error":"no such element","message":"Unable to locate element: /html/body/main/div/div[1]/div/div/div/div/div/div/div[5 ... .next@https://www.earthengine.app/javascript/main.js:20:57\nb@https://www.earthengine.app/javascript/main.js:20:312\n"},null]
1631294691555	webdriver::server	DEBUG	<- 404 Not Found {"value":{"error":"no such element","message":"Unable to locate element: /html/body/main/div/div[1]/div/div/div/div/div/div/div[5]/div/div/div/a","stacktrace":"WebDriverError@chrome://remote/content/shared/webdriver/Errors.jsm:181:5\nNoSuchElementError@chrome://remote/content/shared/webdriver/Errors.jsm:393:5\nelement.find/</<@chrome://remote/content/marionette/element.js:305:16\nps@https://www.earthengine.app/javascript/main.js:840:317\nls.prototype.send@https://www.earthengine.app/javascript/main.js:832:147\nGm@https://www.earthengine.app/javascript/main.js:499:1312\nxp.prototype.create@https://www.earthengine.app/javascript/main.js:769:123\nlu@https://www.earthengine.app/javascript/main.js:911:445\nBw.prototype.mB@https://www.earthengine.app/javascript/main.js:995:294\nanonymous/<@https://www.earthengine.app/javascript/main.js line 4339 > Function:82:34\nanonymous@https://www.earthengine.app/javascript/main.js line 4339 > Function:88:7\nXMa/g<@https://www.earthengine.app/javascript/main.js:4340:64\nZ$.prototype.require@https://www.earthengine.app/javascript/main.js:4334:281\nZ$.prototype.run@https://www.earthengine.app/javascript/main.js:4334:422\n$$.prototype.run/<@https://www.earthengine.app/javascript/main.js:4338:12\nFa@https://www.earthengine.app/javascript/main.js:19:315\nDa.prototype.ar@https://www.earthengine.app/javascript/main.js:17:489\nGa/this.next@https://www.earthengine.app/javascript/main.js:20:57\nb@https://www.earthengine.app/javascript/main.js:20:312\n"}}
1631294701567	webdriver::server	DEBUG	-> POST /session/ccfba0b3-524d-406d-9a27-2d55259af7f3/element {"using": "xpath", "value": "/html/body/main/div/div[1]/div/div/div/div/div/div/div[5]/div/div/div/a"}
1631294701568	Marionette	DEBUG	0 -> [0,9,"WebDriver:FindElement",{"using":"xpath","value":"/html/body/main/div/div[1]/div/div/div/div/div/div/div[5]/div/div/div/a"}]
1631294701573	Marionette	DEBUG	0 <- [1,9,null,{"value":{"element-6066-11e4-a52e-4f735466cecf":"280b9055-00a3-4746-9833-d2e316282cbe"}}]
1631294701573	webdriver::server	DEBUG	<- 200 OK {"value":{"element-6066-11e4-a52e-4f735466cecf":"280b9055-00a3-4746-9833-d2e316282cbe"}}
1631294701574	webdriver::server	DEBUG	-> GET /session/ccfba0b3-524d-406d-9a27-2d55259af7f3/element/280b9055-00a3-4746-9833-d2e316282cbe/text 
1631294701575	Marionette	DEBUG	0 -> [0,10,"WebDriver:GetElementText",{"id":"280b9055-00a3-4746-9833-d2e316282cbe"}]
1631294701606	Marionette	DEBUG	0 <- [1,10,null,{"value":"https://earthengine.googleapis.com/v1alpha/projects/earthengine-legacy/tables/40bcacf03d427d5b96c5b8c8e99a1eb1-c693cd463817ebc3d35c7e5b1b69c06c:getFeatures"}]
1631294701607	webdriver::server	DEBUG	<- 200 OK {"value":"https://earthengine.googleapis.com/v1alpha/projects/earthengine-legacy/tables/40bcacf03d427d5b96c5b8c8e99a1eb1-c693cd463817ebc3d35c7e5b1b69c06c:getFeatures"}
1631294701608	webdriver::server	DEBUG	-> GET /session/ccfba0b3-524d-406d-9a27-2d55259af7f3/element/280b9055-00a3-4746-9833-d2e316282cbe/text 
1631294701610	Marionette	DEBUG	0 -> [0,11,"WebDriver:GetElementText",{"id":"280b9055-00a3-4746-9833-d2e316282cbe"}]
1631294701616	Marionette	DEBUG	0 <- [1,11,null,{"value":"https://earthengine.googleapis.com/v1alpha/projects/earthengine-legacy/tables/40bcacf03d427d5b96c5b8c8e99a1eb1-c693cd463817ebc3d35c7e5b1b69c06c:getFeatures"}]
1631294701616	webdriver::server	DEBUG	<- 200 OK {"value":"https://earthengine.googleapis.com/v1alpha/projects/earthengine-legacy/tables/40bcacf03d427d5b96c5b8c8e99a1eb1-c693cd463817ebc3d35c7e5b1b69c06c:getFeatures"}
1631294701618	webdriver::server	DEBUG	-> DELETE /session/ccfba0b3-524d-406d-9a27-2d55259af7f3/window 
1631294701618	Marionette	DEBUG	0 -> [0,12,"WebDriver:CloseWindow",{}]
1631294701619	Marionette	DEBUG	0 <- [1,12,null,[]]
1631294701619	webdriver::server	DEBUG	Last window was closed, deleting session
1631294701619	webdriver::server	DEBUG	Deleting session
1631294701619	Marionette	DEBUG	0 -> [0,13,"Marionette:Quit",{"flags":["eForceQuit"]}]
1631294701620	Marionette	INFO	Stopped listening on port 45611
1631294701664	Marionette	TRACE	Received observer notification quit-application
1631294701664	RemoteAgent	DEBUG	Resetting recommended pref apz.content_response_timeout
1631294701664	RemoteAgent	DEBUG	Resetting recommended pref browser.contentblocking.introCount
1631294701664	RemoteAgent	DEBUG	Resetting recommended pref browser.download.panel.shown
1631294701664	RemoteAgent	DEBUG	Resetting recommended pref browser.newtabpage.enabled
1631294701666	RemoteAgent	DEBUG	Resetting recommended pref browser.pagethumbnails.capturing_disabled
1631294701666	RemoteAgent	DEBUG	Resetting recommended pref browser.search.update
1631294701666	RemoteAgent	DEBUG	Resetting recommended pref browser.tabs.disableBackgroundZombification
1631294701667	RemoteAgent	DEBUG	Resetting recommended pref browser.tabs.remote.separatePrivilegedContentProcess
1631294701667	RemoteAgent	DEBUG	Resetting recommended pref browser.tabs.unloadOnLowMemory
1631294701667	RemoteAgent	DEBUG	Resetting recommended pref browser.tabs.warnOnCloseOtherTabs
1631294701667	RemoteAgent	DEBUG	Resetting recommended pref browser.tabs.warnOnOpen
1631294701667	RemoteAgent	DEBUG	Resetting recommended pref browser.toolbars.bookmarks.visibility
1631294701667	RemoteAgent	DEBUG	Resetting recommended pref browser.usedOnWindows10.introURL
1631294701668	RemoteAgent	DEBUG	Resetting recommended pref browser.urlbar.suggest.searches
1631294701670	RemoteAgent	DEBUG	Resetting recommended pref datareporting.policy.dataSubmissionPolicyAccepted
1631294701670	RemoteAgent	DEBUG	Resetting recommended pref dom.disable_open_during_load
1631294701670	RemoteAgent	DEBUG	Resetting recommended pref dom.file.createInChild
1631294701670	RemoteAgent	DEBUG	Resetting recommended pref dom.max_chrome_script_run_time
1631294701671	RemoteAgent	DEBUG	Resetting recommended pref dom.max_script_run_time
1631294701671	RemoteAgent	DEBUG	Resetting recommended pref dom.push.connection.enabled
1631294701672	RemoteAgent	DEBUG	Resetting recommended pref extensions.getAddons.cache.enabled
1631294701672	RemoteAgent	DEBUG	Resetting recommended pref extensions.getAddons.discovery.api_url
1631294701672	RemoteAgent	DEBUG	Resetting recommended pref network.http.prompt-temp-redirect
1631294701672	RemoteAgent	DEBUG	Resetting recommended pref privacy.trackingprotection.enabled
1631294701672	RemoteAgent	DEBUG	Resetting recommended pref security.fileuri.strict_origin_policy
1631294701672	RemoteAgent	DEBUG	Resetting recommended pref security.notification_enable_delay
1631294701672	RemoteAgent	DEBUG	Resetting recommended pref signon.autofillForms
1631294701674	RemoteAgent	DEBUG	Resetting recommended pref signon.rememberSignons
1631294701675	RemoteAgent	DEBUG	Resetting recommended pref dom.disable_beforeunload
1631294701675	Marionette	TRACE	Received observer notification quit-application
1631294701676	Marionette	DEBUG	Marionette stopped listening
1631294701683	Marionette	DEBUG	0 <- [1,13,null,{"cause":"shutdown","forced":false}]
JavaScript error: resource:///modules/Interactions.jsm, line 209: NS_ERROR_FAILURE: Component returned failure code: 0x80004005 (NS_ERROR_FAILURE) [nsIUserIdleService.removeIdleObserver]
1631294701729	Marionette	DEBUG	Closed connection 0
1631294702208	geckodriver::marionette	DEBUG	Browser process stopped: exit code: 0
1631294702217	webdriver::server	DEBUG	<- 200 OK {"value":[]}
